<?xml version="1.0" encoding="UTF-8"?>
<!-- Generated by org.testng.reporters.JUnitXMLReporter -->
<testsuite ignored="0" hostname="LAPTOP-D2VJD753" failures="0" tests="4" name="Default test" time="12.375" errors="0" timestamp="2024-06-14T10:30:36 IST">
  <testcase classname="Test.ProductFilter" name="testApplySamsungFilter" time="0.034"/>
  <testcase classname="Test.ProductFilter" name="testApplySamsungFilter" time="0.003"/>
  <testcase classname="Test.ProductFilter" name="testApplySamsungFilter" time="0.004"/>
  <testcase classname="Test.ProductFilter" name="testApplySamsungFilter" time="5.533"/>
</testsuite> <!-- Default test -->
