<?xml version="1.0" encoding="UTF-8"?>
<!-- Generated by org.testng.reporters.JUnitXMLReporter -->
<testsuite ignored="0" hostname="IN-D80D5S3" failures="0" tests="4" name="AddToCartTest" time="20.189" errors="0" timestamp="2024-06-14T11:02:43 IST">
  <testcase classname="Test.AddToCartTest" name="testAddProductToCart" time="0.044"/>
  <testcase classname="Test.AddToCartTest" name="testAddProductToCart" time="9.682"/>
  <testcase classname="Test.AddToCartTest" name="testAddProductToCart" time="0.0"/>
  <testcase classname="Test.AddToCartTest" name="testAddProductToCart" time="0.0"/>
</testsuite> <!-- AddToCartTest -->
