<?xml version="1.0" encoding="UTF-8"?>
<!-- Generated by org.testng.reporters.JUnitXMLReporter -->
<testsuite ignored="0" hostname="IN-D80D5S3" failures="0" tests="4" name="LoginTest" time="7.551" errors="0" timestamp="2024-06-14T11:04:35 IST">
  <testcase classname="Test.LoginTest" name="testLoginLink" time="0.002"/>
  <testcase classname="Test.LoginTest" name="testLoginLink" time="0.001"/>
  <testcase classname="Test.LoginTest" name="testLoginLink" time="4.3"/>
  <testcase classname="Test.LoginTest" name="testLoginLink" time="0.002"/>
</testsuite> <!-- LoginTest -->
