<?xml version="1.0" encoding="UTF-8"?>
<!-- Generated by org.testng.reporters.JUnitXMLReporter -->
<testsuite ignored="0" hostname="IN-D80D5S3" failures="0" tests="4" name="ProductFilter" time="10.304" errors="0" timestamp="2024-06-14T11:05:30 IST">
  <testcase classname="Test.ProductFilter" name="testApplySamsungFilter" time="0.004"/>
  <testcase classname="Test.ProductFilter" name="testApplySamsungFilter" time="0.008"/>
  <testcase classname="Test.ProductFilter" name="testApplySamsungFilter" time="0.002"/>
  <testcase classname="Test.ProductFilter" name="testApplySamsungFilter" time="6.88"/>
</testsuite> <!-- ProductFilter -->
